Arguments: 
  /usr/local/bin/node /usr/local/Cellar/yarn/1.5.1_1/libexec/bin/yarn.js docs:dev

PATH: 
  /Users/fuyingzhi/.gem/ruby/2.6.0/bin:/Users/fuyingzhi/.gem/ruby/X.X.0/bin:/usr/local/bin:/usr/bin:/bin:/usr/sbin:/sbin

Yarn version: 
  1.5.1

Node version: 
  14.16.0

Platform: 
  darwin x64

npm manifest: 
  {
    "name": "fyz-ui",
    "version": "1.0.0",
    "description": "组件库",
    "main": "index.js",
    "repository": "https://github.com/fuyz/fyz-ui.git",
    "author": "fuyz <953958160@qq.com>",
    "license": "MIT",
    "devDependencies": {
      "vuepress": "^1.8.2"
    },
    "scripts": {
      "docs:dev": "vuepress dev docs",
      "docs:build": "vuepress build docs"
    }
  }

yarn manifest: 
  No manifest

Lockfile: 
  No lockfile

Trace: 
  Error: Command failed.
  Exit code: 1
  Command: sh
  Arguments: -c vuepress dev docs
  Directory: /Users/fuyingzhi/Documents/Projects/fyz-ui
  Output:
  
      at ProcessTermError.MessageError (/usr/local/Cellar/yarn/1.5.1_1/libexec/lib/cli.js:186:110)
      at new ProcessTermError (/usr/local/Cellar/yarn/1.5.1_1/libexec/lib/cli.js:226:113)
      at ChildProcess.<anonymous> (/usr/local/Cellar/yarn/1.5.1_1/libexec/lib/cli.js:30281:17)
      at ChildProcess.emit (events.js:315:20)
      at maybeClose (internal/child_process.js:1048:16)
      at Process.ChildProcess._handle.onexit (internal/child_process.js:288:5)
